[2025-07-13T05:56:50.975+0000] {taskinstance.py:1956} INFO - Dependencies all met for dep_context=non-requeueable deps ti=<TaskInstance: main_etl_pipeline.transform_coinmarketcap_data manual__2025-07-13T05:56:33.722446+00:00 [queued]>
[2025-07-13T05:56:51.029+0000] {taskinstance.py:1956} INFO - Dependencies all met for dep_context=requeueable deps ti=<TaskInstance: main_etl_pipeline.transform_coinmarketcap_data manual__2025-07-13T05:56:33.722446+00:00 [queued]>
[2025-07-13T05:56:51.040+0000] {taskinstance.py:2170} INFO - Starting attempt 1 of 1
[2025-07-13T05:56:51.206+0000] {taskinstance.py:2191} INFO - Executing <Task(PythonOperator): transform_coinmarketcap_data> on 2025-07-13 05:56:33.722446+00:00
[2025-07-13T05:56:51.232+0000] {standard_task_runner.py:60} INFO - Started process 343 to run task
[2025-07-13T05:56:51.327+0000] {standard_task_runner.py:87} INFO - Running: ['***', 'tasks', 'run', 'main_etl_pipeline', 'transform_coinmarketcap_data', 'manual__2025-07-13T05:56:33.722446+00:00', '--job-id', '42', '--raw', '--subdir', 'DAGS_FOLDER/main_pipeline.py', '--cfg-path', '/tmp/tmpe4_2nm0y']
[2025-07-13T05:56:51.419+0000] {standard_task_runner.py:88} INFO - Job 42: Subtask transform_coinmarketcap_data
[2025-07-13T05:56:51.817+0000] {task_command.py:423} INFO - Running <TaskInstance: main_etl_pipeline.transform_coinmarketcap_data manual__2025-07-13T05:56:33.722446+00:00 [running]> on host 23913323947a
[2025-07-13T05:56:52.317+0000] {taskinstance.py:2480} INFO - Exporting env vars: AIRFLOW_CTX_DAG_OWNER='***' AIRFLOW_CTX_DAG_ID='main_etl_pipeline' AIRFLOW_CTX_TASK_ID='transform_coinmarketcap_data' AIRFLOW_CTX_EXECUTION_DATE='2025-07-13T05:56:33.722446+00:00' AIRFLOW_CTX_TRY_NUMBER='1' AIRFLOW_CTX_DAG_RUN_ID='manual__2025-07-13T05:56:33.722446+00:00'
[2025-07-13T05:56:52.427+0000] {logging_mixin.py:188} INFO - DEBUG: Contenido de raw_listings recibido en transform_coinmarketcap_data: [{'id': 1, 'name': 'Bitcoin', 'symbol': 'BTC', 'slug': 'bitcoin', 'num_market_pairs': 12253, 'date_added': '2010-07-13T00:00:00.000Z', 'tags': ['mineable', 'pow', 'sha-256', 'store-of-value', 'state-channel', 'coinbase-ventures-portfolio', 'three-arrows-capital-portfolio', 'polychain-capital-portfolio', 'binance-labs-portfolio', 'blockchain-capital-portfolio', 'boostvc-portfolio', 'cms-holdings-portfolio', 'dcg-portfolio', 'dragonfly-capital-portfolio', 'electric-capital-portfolio', 'fabric-ventures-portfolio', 'framework-ventures-portfolio', 'galaxy-digital-portfolio', 'huobi-capital-portfolio', 'alameda-research-portfolio', 'a16z-portfolio', '1confirmation-portfolio', 'winklevoss-capital-portfolio', 'usv-portfolio', 'placeholder-ventures-portfolio', 'pantera-capital-portfolio', 'multicoin-capital-portfolio', 'paradigm-portfolio', 'bitcoin-ecosystem', 'layer-1', 'ftx-bankruptcy-estate', '2017-2018-alt-season', 'us-strategic-crypto-reserve', 'binance-ecosystem', 'binance-listing'], 'max_supply': 21000000, 'circulating_supply': 19891615, 'total_supply': 19891615, 'infinite_supply': False, 'platform': None, 'cmc_rank': 1, 'self_reported_circulating_supply': None, 'self_reported_market_cap': None, 'tvl_ratio': None, 'last_updated': '2025-07-13T05:55:00.000Z', 'quote': {'USD': {'price': 117752.53796569837, 'volume_24h': 44462344597.20838, 'volume_change_24h': -41.3417, 'percent_change_1h': -0.14370401, 'percent_change_24h': 0.0198955, 'percent_change_7d': 8.99053879, 'percent_change_30d': 13.02759035, 'percent_change_60d': 13.28064538, 'percent_change_90d': 39.36410861, 'market_cap': 2342288150486.555, 'market_cap_dominance': 63.73, 'fully_diluted_market_cap': 2472803297279.67, 'tvl': None, 'last_updated': '2025-07-13T05:55:00.000Z'}}}, {'id': 1027, 'name': 'Ethereum', 'symbol': 'ETH', 'slug': 'ethereum', 'num_market_pairs': 10386, 'date_added': '2015-08-07T00:00:00.000Z', 'tags': ['pos', 'smart-contracts', 'ethereum-ecosystem', 'coinbase-ventures-portfolio', 'three-arrows-capital-portfolio', 'polychain-capital-portfolio', 'binance-labs-portfolio', 'blockchain-capital-portfolio', 'boostvc-portfolio', 'cms-holdings-portfolio', 'dcg-portfolio', 'dragonfly-capital-portfolio', 'electric-capital-portfolio', 'fabric-ventures-portfolio', 'framework-ventures-portfolio', 'hashkey-capital-portfolio', 'kenetic-capital-portfolio', 'huobi-capital-portfolio', 'alameda-research-portfolio', 'a16z-portfolio', '1confirmation-portfolio', 'winklevoss-capital-portfolio', 'usv-portfolio', 'placeholder-ventures-portfolio', 'pantera-capital-portfolio', 'multicoin-capital-portfolio', 'paradigm-portfolio', 'ethereum-pow-ecosystem', 'layer-1', 'ftx-bankruptcy-estate', 'sora-ecosystem', 'rsk-rbtc-ecosystem', 'world-liberty-financial-portfolio', 'us-strategic-crypto-reserve', 'binance-ecosystem', 'binance-listing'], 'max_supply': None, 'circulating_supply': 120715090.58012477, 'total_supply': 120715090.58012477, 'infinite_supply': True, 'platform': None, 'cmc_rank': 2, 'self_reported_circulating_supply': None, 'self_reported_market_cap': None, 'tvl_ratio': None, 'last_updated': '2025-07-13T05:55:00.000Z', 'quote': {'USD': {'price': 2952.439381350635, 'volume_24h': 15284426429.694065, 'volume_change_24h': -52.4765, 'percent_change_1h': -0.20913198, 'percent_change_24h': -0.15255345, 'percent_change_7d': 17.55610284, 'percent_change_30d': 17.33632192, 'percent_change_60d': 10.21947019, 'percent_change_90d': 81.91142489, 'market_cap': 356403987352.0694, 'market_cap_dominance': 9.6972, 'fully_diluted_market_cap': 356403987352.07, 'tvl': None, 'last_updated': '2025-07-13T05:55:00.000Z'}}}]
[2025-07-13T05:56:52.430+0000] {logging_mixin.py:188} INFO - DEBUG: Tipo de raw_listings: <class 'list'>
[2025-07-13T05:56:52.431+0000] {logging_mixin.py:188} INFO - Iniciando transformaci√≥n de datos de CoinMarketCap...
[2025-07-13T05:56:54.806+0000] {logging_mixin.py:188} INFO - Datos procesados de CoinMarketCap cargados exitosamente en crypto_data.processed_coinmarketcap_data.
[2025-07-13T05:56:54.855+0000] {xcom.py:664} ERROR - Object of type ObjectId is not JSON serializable. If you are using pickle instead of JSON for XCom, then you need to enable pickle support for XCom in your *** config or make sure to decorate your object with attr.
[2025-07-13T05:56:54.907+0000] {logging_mixin.py:188} INFO - Error inesperado en la carga de procesados de CoinMarketCap: Object of type ObjectId is not JSON serializable
[2025-07-13T05:56:54.997+0000] {taskinstance.py:2698} ERROR - Task failed with exception
Traceback (most recent call last):
  File "/home/airflow/.local/lib/python3.10/site-packages/airflow/utils/json.py", line 91, in default
    return serialize(o)
  File "/home/airflow/.local/lib/python3.10/site-packages/airflow/serialization/serde.py", line 180, in serialize
    raise TypeError(f"cannot serialize object of type {cls}")
TypeError: cannot serialize object of type <class 'bson.objectid.ObjectId'>

During handling of the above exception, another exception occurred:

Traceback (most recent call last):
  File "/home/airflow/.local/lib/python3.10/site-packages/airflow/models/taskinstance.py", line 433, in _execute_task
    result = execute_callable(context=context, **execute_callable_kwargs)
  File "/home/airflow/.local/lib/python3.10/site-packages/airflow/operators/python.py", line 199, in execute
    return_value = self.execute_callable()
  File "/home/airflow/.local/lib/python3.10/site-packages/airflow/operators/python.py", line 216, in execute_callable
    return self.python_callable(*self.op_args, **self.op_kwargs)
  File "/opt/airflow/dags/transform_coinmarketcap.py", line 99, in transform_coinmarketcap_data
    ti.xcom_push(key="processed_coinmarketcap_data_for_load", value=processed_records)
  File "/home/airflow/.local/lib/python3.10/site-packages/airflow/utils/session.py", line 79, in wrapper
    return func(*args, session=session, **kwargs)
  File "/home/airflow/.local/lib/python3.10/site-packages/airflow/models/taskinstance.py", line 2980, in xcom_push
    XCom.set(
  File "/home/airflow/.local/lib/python3.10/site-packages/airflow/utils/session.py", line 76, in wrapper
    return func(*args, **kwargs)
  File "/home/airflow/.local/lib/python3.10/site-packages/airflow/models/xcom.py", line 247, in set
    value = cls.serialize_value(
  File "/home/airflow/.local/lib/python3.10/site-packages/airflow/models/xcom.py", line 662, in serialize_value
    return json.dumps(value, cls=XComEncoder).encode("UTF-8")
  File "/usr/local/lib/python3.10/json/__init__.py", line 238, in dumps
    **kw).encode(obj)
  File "/home/airflow/.local/lib/python3.10/site-packages/airflow/utils/json.py", line 104, in encode
    return super().encode(o)
  File "/usr/local/lib/python3.10/json/encoder.py", line 199, in encode
    chunks = self.iterencode(o, _one_shot=True)
  File "/usr/local/lib/python3.10/json/encoder.py", line 257, in iterencode
    return _iterencode(o, 0)
  File "/home/airflow/.local/lib/python3.10/site-packages/airflow/utils/json.py", line 93, in default
    return super().default(o)
  File "/usr/local/lib/python3.10/json/encoder.py", line 179, in default
    raise TypeError(f'Object of type {o.__class__.__name__} '
TypeError: Object of type ObjectId is not JSON serializable
[2025-07-13T05:56:55.030+0000] {taskinstance.py:1138} INFO - Marking task as FAILED. dag_id=main_etl_pipeline, task_id=transform_coinmarketcap_data, execution_date=20250713T055633, start_date=20250713T055650, end_date=20250713T055655
[2025-07-13T05:56:55.082+0000] {standard_task_runner.py:107} ERROR - Failed to execute job 42 for task transform_coinmarketcap_data (Object of type ObjectId is not JSON serializable; 343)
[2025-07-13T05:56:55.174+0000] {local_task_job_runner.py:234} INFO - Task exited with return code 1
[2025-07-13T05:56:55.253+0000] {taskinstance.py:3280} INFO - 0 downstream tasks scheduled from follow-on schedule check
